INFO 2025-07-21 16:35:02,704 django.utils.autoreload Watching for file changes with StatReloader
INFO 2025-07-21 16:35:49,214 django.utils.autoreload C:\lndvr_test\Lendeavor\lndvr_site\lndvr_site\settings.py changed, reloading.
INFO 2025-07-21 16:35:49,588 django.utils.autoreload Watching for file changes with StatReloader
INFO 2025-07-21 16:35:57,018 django.server "GET /careers/application/23ae4423-ebdd-4a32-97a8-3dadd9d8b657/?message=You%20have%20successfully%20applied%20for%20this%20job. HTTP/1.1" 200 16367
INFO 2025-07-21 16:35:57,052 django.server "GET /static/js/message_fade.js HTTP/1.1" 304 0
INFO 2025-07-21 16:36:32,983 django.server "GET /logout/ HTTP/1.1" 302 0
INFO 2025-07-21 16:36:32,990 django.server "GET /?message=You%20have%20successfully%20logged%20out. HTTP/1.1" 200 20301
INFO 2025-07-21 16:36:53,111 django.server "GET /signup/ HTTP/1.1" 200 12977
INFO 2025-07-21 16:37:25,917 django.server "POST /signup/ HTTP/1.1" 302 0
INFO 2025-07-21 16:37:25,921 django.server "GET /login/?message=Registration%20successful.%20Please%20login. HTTP/1.1" 200 11676
INFO 2025-07-21 16:44:51,186 django.utils.autoreload C:\lndvr_test\Lendeavor\lndvr_site\lndvr_site\settings.py changed, reloading.
INFO 2025-07-21 16:44:51,619 django.utils.autoreload Watching for file changes with StatReloader
INFO 2025-07-21 16:47:14,925 django.utils.autoreload C:\lndvr_test\Lendeavor\lndvr_site\lndvr_site\settings.py changed, reloading.
INFO 2025-07-21 16:47:15,314 django.utils.autoreload Watching for file changes with StatReloader
INFO 2025-07-21 16:47:15,602 django_actions Action details here
INFO 2025-07-21 16:47:50,459 django.utils.autoreload C:\lndvr_test\Lendeavor\lndvr_site\lndvr_site\settings.py changed, reloading.
INFO 2025-07-21 16:47:50,868 django.utils.autoreload Watching for file changes with StatReloader
INFO 2025-07-21 16:47:51,176 django_actions Action details here
INFO 2025-07-21 16:48:04,038 django_actions Request from IP: 127.0.0.1 Method: GET Path: /login/
INFO 2025-07-21 16:48:04,050 django.server "GET /login/?message=Registration%20successful.%20Please%20login. HTTP/1.1" 200 11676
INFO 2025-07-21 16:48:21,032 django_actions Request from IP: 127.0.0.1 Method: GET Path: /
INFO 2025-07-21 16:48:21,037 django.server "GET / HTTP/1.1" 200 20301
INFO 2025-07-21 16:51:28,673 django.utils.autoreload C:\lndvr_test\Lendeavor\lndvr_site\myapp\custom_middleware\log_ip.py changed, reloading.
INFO 2025-07-21 16:51:29,068 django.utils.autoreload Watching for file changes with StatReloader
INFO 2025-07-21 16:51:29,354 django_actions Action details here
INFO 2025-07-21 16:51:51,993 django.utils.autoreload C:\lndvr_test\Lendeavor\lndvr_site\myapp\custom_middleware\log_ip.py changed, reloading.
INFO 2025-07-21 16:51:52,369 django.utils.autoreload Watching for file changes with StatReloader
INFO 2025-07-21 16:51:52,650 django_actions Action details here
INFO 2025-07-21 16:52:03,876 django_actions Request from IP: 127.0.0.1, Hostname: Lendeavor-025, Method: GET, Path: /
INFO 2025-07-21 16:52:03,894 django.server "GET / HTTP/1.1" 200 20301
INFO 2025-07-21 16:52:19,676 django_actions Request from IP: 127.0.0.1, Hostname: Lendeavor-025, Method: GET, Path: /login/
INFO 2025-07-21 16:52:19,679 django.server "GET /login/ HTTP/1.1" 200 11518
INFO 2025-07-21 16:52:27,130 django_actions Request from IP: 127.0.0.1, Hostname: Lendeavor-025, Method: POST, Path: /login/
INFO 2025-07-21 16:52:27,488 django.server "POST /login/ HTTP/1.1" 302 0
INFO 2025-07-21 16:52:27,492 django_actions Request from IP: 127.0.0.1, Hostname: Lendeavor-025, Method: GET, Path: /
INFO 2025-07-21 16:52:27,494 django.server "GET / HTTP/1.1" 200 20222
INFO 2025-07-21 16:52:30,407 django_actions Request from IP: 127.0.0.1, Hostname: Lendeavor-025, Method: GET, Path: /contact/
INFO 2025-07-21 16:52:30,409 django.server "GET /contact/ HTTP/1.1" 200 13705
INFO 2025-07-21 16:52:31,657 django_actions Request from IP: 127.0.0.1, Hostname: Lendeavor-025, Method: GET, Path: /careers/
INFO 2025-07-21 16:52:31,665 django.server "GET /careers/ HTTP/1.1" 200 22768
INFO 2025-07-21 16:52:33,406 django_actions Request from IP: 127.0.0.1, Hostname: Lendeavor-025, Method: GET, Path: /job/edit/23ae4423-ebdd-4a32-97a8-3dadd9d8b657/
INFO 2025-07-21 16:52:33,409 django.server "GET /job/edit/23ae4423-ebdd-4a32-97a8-3dadd9d8b657/ HTTP/1.1" 200 14410
INFO 2025-07-21 16:52:45,877 django_actions Request from IP: 127.0.0.1, Hostname: Lendeavor-025, Method: POST, Path: /job/edit/23ae4423-ebdd-4a32-97a8-3dadd9d8b657/
INFO 2025-07-21 16:52:45,884 django.server "POST /job/edit/23ae4423-ebdd-4a32-97a8-3dadd9d8b657/ HTTP/1.1" 302 0
INFO 2025-07-21 16:52:45,894 django_actions Request from IP: 127.0.0.1, Hostname: Lendeavor-025, Method: GET, Path: /careers/
INFO 2025-07-21 16:52:45,897 django.server "GET /careers/?message=Job%20updated%20successfully. HTTP/1.1" 200 22913
INFO 2025-07-21 16:52:45,925 django.server "GET /static/js/message_fade.js HTTP/1.1" 304 0
INFO 2025-07-21 16:54:14,878 django.utils.autoreload C:\lndvr_test\Lendeavor\lndvr_site\myapp\views.py changed, reloading.
INFO 2025-07-21 16:54:15,420 django.utils.autoreload Watching for file changes with StatReloader
INFO 2025-07-21 16:54:15,794 django_actions Action details here
INFO 2025-07-22 10:47:37,796 django.utils.autoreload Watching for file changes with StatReloader
INFO 2025-07-22 10:51:00,703 django.utils.autoreload C:\lndvr_test\Lendeavor\lndvr_site\lndvr_site\settings.py changed, reloading.
INFO 2025-07-22 10:51:01,131 django.utils.autoreload Watching for file changes with StatReloader
INFO 2025-07-22 10:51:05,183 django.server "GET / HTTP/1.1" 200 20301
INFO 2025-07-22 10:51:05,209 django.server "GET /static/css/divider_mission.css HTTP/1.1" 304 0
INFO 2025-07-22 10:51:05,210 django.server "GET /static/css/mainPage.css HTTP/1.1" 304 0
INFO 2025-07-22 10:51:05,214 django.server "GET /static/logo/logo_writting.png HTTP/1.1" 304 0
INFO 2025-07-22 10:51:05,217 django.server "GET /static/people/lucas.png HTTP/1.1" 304 0
INFO 2025-07-22 10:51:05,217 django.server "GET /static/css/cust_feedback.css HTTP/1.1" 304 0
INFO 2025-07-22 10:51:05,217 django.server "GET /static/landing_img2.jpg HTTP/1.1" 304 0
INFO 2025-07-22 10:51:05,221 django.server "GET /static/people/kat.png HTTP/1.1" 304 0
INFO 2025-07-22 10:51:05,221 django.server "GET /static/people/anish.png HTTP/1.1" 304 0
INFO 2025-07-22 10:51:05,223 django.server "GET /static/js/swiper_cust.js HTTP/1.1" 304 0
INFO 2025-07-22 10:51:05,224 django.server "GET /static/people/casey.png HTTP/1.1" 304 0
INFO 2025-07-22 10:51:05,224 django.server "GET /static/js/message_fade.js HTTP/1.1" 304 0
INFO 2025-07-22 10:51:08,187 django.server "GET /signup/ HTTP/1.1" 200 12977
INFO 2025-07-22 10:51:08,203 django.server "GET /static/CSS/mainPage.css HTTP/1.1" 304 0
INFO 2025-07-22 10:51:08,203 django.server "GET /static/CSS/signUp.css HTTP/1.1" 304 0
INFO 2025-07-22 10:52:13,353 django_actions Method: POST | Action: Signup attempt | IP: 127.0.0.1 | User: test6@gmail.com
INFO 2025-07-22 10:52:13,745 django.server "POST /signup/ HTTP/1.1" 302 0
INFO 2025-07-22 10:52:13,778 django.server "GET /login/?message=Registration%20successful.%20Please%20login. HTTP/1.1" 200 11676
INFO 2025-07-22 10:53:01,677 django.server "POST /login/ HTTP/1.1" 302 0
INFO 2025-07-22 10:53:01,683 django.server "GET / HTTP/1.1" 200 20222
INFO 2025-07-22 10:54:05,567 django.utils.autoreload C:\lndvr_test\Lendeavor\lndvr_site\myapp\views.py changed, reloading.
INFO 2025-07-22 10:54:06,411 django.utils.autoreload Watching for file changes with StatReloader
INFO 2025-07-22 10:54:48,194 django.utils.autoreload C:\lndvr_test\Lendeavor\lndvr_site\myapp\views.py changed, reloading.
INFO 2025-07-22 10:54:49,077 django.utils.autoreload Watching for file changes with StatReloader
INFO 2025-07-22 10:55:10,173 django_actions Method: GET | Action: Signup attempt | IP: 127.0.0.1 | User: AnonymousUser
INFO 2025-07-22 10:55:10,191 django.server "GET /logout/ HTTP/1.1" 302 0
INFO 2025-07-22 10:55:10,204 django.server "GET /?message=You%20have%20successfully%20logged%20out. HTTP/1.1" 200 20301
INFO 2025-07-22 10:56:12,807 django.utils.autoreload C:\lndvr_test\Lendeavor\lndvr_site\myapp\views.py changed, reloading.
INFO 2025-07-22 10:56:13,587 django.utils.autoreload Watching for file changes with StatReloader
INFO 2025-07-22 10:56:37,747 django.utils.autoreload C:\lndvr_test\Lendeavor\lndvr_site\myapp\views.py changed, reloading.
INFO 2025-07-22 10:56:38,550 django.utils.autoreload Watching for file changes with StatReloader
INFO 2025-07-22 10:57:02,144 django.server "GET /login/ HTTP/1.1" 200 11518
INFO 2025-07-22 10:57:10,295 django_actions Method: POST | Action: login attempt | IP: 127.0.0.1 | User: chandan@lendeavorusa.com
INFO 2025-07-22 10:57:10,652 django.server "POST /login/ HTTP/1.1" 302 0
INFO 2025-07-22 10:57:10,659 django.server "GET / HTTP/1.1" 200 20222
ERROR 2025-07-22 10:57:12,575 django.request Internal Server Error: /logout/
Traceback (most recent call last):
  File "C:\lndvr_test\env\Lib\site-packages\django\core\handlers\exception.py", line 55, in inner
    response = get_response(request)
  File "C:\lndvr_test\env\Lib\site-packages\django\core\handlers\base.py", line 197, in _get_response
    response = wrapped_callback(request, *callback_args, **callback_kwargs)
  File "C:\lndvr_test\lendeavor\lndvr_site\myapp\views.py", line 108, in logout_user
    log_action(request, "logout attempt", user_info=token.user.Email)
                                                    ^^^^^^^^^^
AttributeError: 'str' object has no attribute 'user'. Did you mean: 'upper'?
ERROR 2025-07-22 10:57:12,578 django.server "GET /logout/ HTTP/1.1" 500 71415
WARNING 2025-07-22 10:57:12,656 django.request Not Found: /favicon.ico
WARNING 2025-07-22 10:57:12,656 django.server "GET /favicon.ico HTTP/1.1" 404 7388
INFO 2025-07-22 10:59:42,337 django.utils.autoreload C:\lndvr_test\Lendeavor\lndvr_site\myapp\views.py changed, reloading.
INFO 2025-07-22 10:59:42,830 django.utils.autoreload Watching for file changes with StatReloader
ERROR 2025-07-22 10:59:46,193 django.request Internal Server Error: /logout/
Traceback (most recent call last):
  File "C:\lndvr_test\env\Lib\site-packages\django\core\handlers\exception.py", line 55, in inner
    response = get_response(request)
  File "C:\lndvr_test\env\Lib\site-packages\django\core\handlers\base.py", line 197, in _get_response
    response = wrapped_callback(request, *callback_args, **callback_kwargs)
  File "C:\lndvr_test\lendeavor\lndvr_site\myapp\views.py", line 108, in logout_user
    log_action(request, "logout attempt", user_info=payload.get('email', 'Anonymuous'))
                                                    ^^^^^^^
UnboundLocalError: cannot access local variable 'payload' where it is not associated with a value
ERROR 2025-07-22 10:59:46,194 django.server "GET /logout/ HTTP/1.1" 500 71768
ERROR 2025-07-22 10:59:49,362 django.request Internal Server Error: /logout/
Traceback (most recent call last):
  File "C:\lndvr_test\env\Lib\site-packages\django\core\handlers\exception.py", line 55, in inner
    response = get_response(request)
  File "C:\lndvr_test\env\Lib\site-packages\django\core\handlers\base.py", line 197, in _get_response
    response = wrapped_callback(request, *callback_args, **callback_kwargs)
  File "C:\lndvr_test\lendeavor\lndvr_site\myapp\views.py", line 108, in logout_user
    log_action(request, "logout attempt", user_info=payload.get('email', 'Anonymuous'))
                                                    ^^^^^^^
UnboundLocalError: cannot access local variable 'payload' where it is not associated with a value
ERROR 2025-07-22 10:59:49,363 django.server "GET /logout/ HTTP/1.1" 500 71631
INFO 2025-07-22 11:00:09,136 django.utils.autoreload C:\lndvr_test\Lendeavor\lndvr_site\myapp\views.py changed, reloading.
INFO 2025-07-22 11:00:09,659 django.utils.autoreload Watching for file changes with StatReloader
INFO 2025-07-22 11:00:12,738 django_actions Method: GET | Action: logout attempt | IP: 127.0.0.1 | User: chandan@lendeavorusa.com
INFO 2025-07-22 11:00:12,749 django.server "GET /logout/ HTTP/1.1" 302 0
INFO 2025-07-22 11:00:12,759 django.server "GET /?message=You%20have%20successfully%20logged%20out. HTTP/1.1" 200 20301
INFO 2025-07-22 11:01:24,129 django.server "GET /login/ HTTP/1.1" 200 11518
INFO 2025-07-22 11:01:25,547 django.server "GET /forgot-password/ HTTP/1.1" 200 7376
INFO 2025-07-22 11:01:25,568 django.server "GET /static/css/password_reset.css HTTP/1.1" 304 0
INFO 2025-07-22 11:01:34,870 django_actions Method: POST | Action: Forgot password attempt | IP: 127.0.0.1 | User: test6@gmail.com
INFO 2025-07-22 11:01:35,571 django.server "POST /forgot-password/ HTTP/1.1" 302 0
INFO 2025-07-22 11:01:35,577 django.server "GET /login/?message=Check%20your%20email%20for%20a%20reset%20link. HTTP/1.1" 200 11672
INFO 2025-07-22 11:02:48,896 django_actions Method: POST | Action: Forgot password attempt | IP: 127.0.0.1 | User: chandan@lendeavorusa.com
INFO 2025-07-22 11:02:49,547 django.server "POST /forgot-password/ HTTP/1.1" 302 0
INFO 2025-07-22 11:02:49,550 django.server "GET /login/?message=Check%20your%20email%20for%20a%20reset%20link. HTTP/1.1" 200 11672
ERROR 2025-07-22 11:03:12,036 django.request Internal Server Error: /reset-password/641613bd-d528-4bbc-9859-c0486689d433/
Traceback (most recent call last):
  File "C:\lndvr_test\env\Lib\site-packages\django\core\handlers\exception.py", line 55, in inner
    response = get_response(request)
  File "C:\lndvr_test\env\Lib\site-packages\django\core\handlers\base.py", line 197, in _get_response
    response = wrapped_callback(request, *callback_args, **callback_kwargs)
  File "C:\lndvr_test\lendeavor\lndvr_site\myapp\views.py", line 174, in reset_password
    log_action(request, "Reset password attempt", user_info=reset_token.user.Email)
                                                            ^^^^^^^^^^^
UnboundLocalError: cannot access local variable 'reset_token' where it is not associated with a value
ERROR 2025-07-22 11:03:12,037 django.server "GET /reset-password/641613bd-d528-4bbc-9859-c0486689d433/ HTTP/1.1" 500 71444
WARNING 2025-07-22 11:03:12,111 django.request Not Found: /favicon.ico
WARNING 2025-07-22 11:03:12,112 django.server "GET /favicon.ico HTTP/1.1" 404 7388
INFO 2025-07-22 11:04:07,535 django.utils.autoreload C:\lndvr_test\Lendeavor\lndvr_site\myapp\views.py changed, reloading.
INFO 2025-07-22 11:04:08,608 django.utils.autoreload Watching for file changes with StatReloader
ERROR 2025-07-22 11:04:12,004 django.request Internal Server Error: /reset-password/641613bd-d528-4bbc-9859-c0486689d433/
Traceback (most recent call last):
  File "C:\lndvr_test\env\Lib\site-packages\jwt\api_jws.py", line 258, in _load
    signing_input, crypto_segment = jwt.rsplit(b".", 1)
    ^^^^^^^^^^^^^^^^^^^^^^^^^^^^^
ValueError: not enough values to unpack (expected 2, got 1)

The above exception was the direct cause of the following exception:

Traceback (most recent call last):
  File "C:\lndvr_test\env\Lib\site-packages\django\core\handlers\exception.py", line 55, in inner
    response = get_response(request)
  File "C:\lndvr_test\env\Lib\site-packages\django\core\handlers\base.py", line 197, in _get_response
    response = wrapped_callback(request, *callback_args, **callback_kwargs)
  File "C:\lndvr_test\lendeavor\lndvr_site\myapp\views.py", line 174, in reset_password
    payload = jwt.decode(token, settings.SECRET_KEY, algorithms=['HS256'])
  File "C:\lndvr_test\env\Lib\site-packages\jwt\api_jwt.py", line 211, in decode
    decoded = self.decode_complete(
        jwt,
    ...<7 lines>...
        leeway=leeway,
    )
  File "C:\lndvr_test\env\Lib\site-packages\jwt\api_jwt.py", line 152, in decode_complete
    decoded = api_jws.decode_complete(
        jwt,
    ...<3 lines>...
        detached_payload=detached_payload,
    )
  File "C:\lndvr_test\env\Lib\site-packages\jwt\api_jws.py", line 199, in decode_complete
    payload, signing_input, header, signature = self._load(jwt)
                                                ~~~~~~~~~~^^^^^
  File "C:\lndvr_test\env\Lib\site-packages\jwt\api_jws.py", line 261, in _load
    raise DecodeError("Not enough segments") from err
jwt.exceptions.DecodeError: Not enough segments
ERROR 2025-07-22 11:04:12,007 django.server "GET /reset-password/641613bd-d528-4bbc-9859-c0486689d433/ HTTP/1.1" 500 95675
INFO 2025-07-22 11:04:17,677 django_actions Method: POST | Action: Forgot password attempt | IP: 127.0.0.1 | User: chandan@lendeavorusa.com
INFO 2025-07-22 11:04:18,228 django.server "POST /forgot-password/ HTTP/1.1" 302 0
INFO 2025-07-22 11:04:18,238 django.server "GET /login/?message=Check%20your%20email%20for%20a%20reset%20link. HTTP/1.1" 200 11672
ERROR 2025-07-22 11:04:24,092 django.request Internal Server Error: /reset-password/6acdac0b-6540-4a98-a173-4085694f7f81/
Traceback (most recent call last):
  File "C:\lndvr_test\env\Lib\site-packages\jwt\api_jws.py", line 258, in _load
    signing_input, crypto_segment = jwt.rsplit(b".", 1)
    ^^^^^^^^^^^^^^^^^^^^^^^^^^^^^
ValueError: not enough values to unpack (expected 2, got 1)

The above exception was the direct cause of the following exception:

Traceback (most recent call last):
  File "C:\lndvr_test\env\Lib\site-packages\django\core\handlers\exception.py", line 55, in inner
    response = get_response(request)
  File "C:\lndvr_test\env\Lib\site-packages\django\core\handlers\base.py", line 197, in _get_response
    response = wrapped_callback(request, *callback_args, **callback_kwargs)
  File "C:\lndvr_test\lendeavor\lndvr_site\myapp\views.py", line 174, in reset_password
    payload = jwt.decode(token, settings.SECRET_KEY, algorithms=['HS256'])
  File "C:\lndvr_test\env\Lib\site-packages\jwt\api_jwt.py", line 211, in decode
    decoded = self.decode_complete(
        jwt,
    ...<7 lines>...
        leeway=leeway,
    )
  File "C:\lndvr_test\env\Lib\site-packages\jwt\api_jwt.py", line 152, in decode_complete
    decoded = api_jws.decode_complete(
        jwt,
    ...<3 lines>...
        detached_payload=detached_payload,
    )
  File "C:\lndvr_test\env\Lib\site-packages\jwt\api_jws.py", line 199, in decode_complete
    payload, signing_input, header, signature = self._load(jwt)
                                                ~~~~~~~~~~^^^^^
  File "C:\lndvr_test\env\Lib\site-packages\jwt\api_jws.py", line 261, in _load
    raise DecodeError("Not enough segments") from err
jwt.exceptions.DecodeError: Not enough segments
ERROR 2025-07-22 11:04:24,094 django.server "GET /reset-password/6acdac0b-6540-4a98-a173-4085694f7f81/ HTTP/1.1" 500 95538
INFO 2025-07-22 11:05:59,502 django.utils.autoreload C:\lndvr_test\Lendeavor\lndvr_site\myapp\views.py changed, reloading.
INFO 2025-07-22 11:05:59,929 django.utils.autoreload Watching for file changes with StatReloader
INFO 2025-07-22 11:06:06,214 django_actions Method: GET | Action: Reset password attempt | IP: 127.0.0.1 | User: chandan@lendeavorusa.com
INFO 2025-07-22 11:06:06,231 django.server "GET /reset-password/6acdac0b-6540-4a98-a173-4085694f7f81/ HTTP/1.1" 200 7806
INFO 2025-07-22 11:06:06,242 django.server "GET /static/css/password_reset.css HTTP/1.1" 304 0
INFO 2025-07-22 11:06:06,243 django.server "GET /static/CSS/mainPage.css HTTP/1.1" 304 0
INFO 2025-07-22 11:06:06,247 django.server "GET /static/logo/logo_writting.png HTTP/1.1" 304 0
INFO 2025-07-22 11:06:06,288 django.server "GET /static/js/message_fade.js HTTP/1.1" 200 415
INFO 2025-07-22 11:06:16,591 django_actions Method: POST | Action: Reset password attempt | IP: 127.0.0.1 | User: chandan@lendeavorusa.com
INFO 2025-07-22 11:06:16,961 django.server "POST /reset-password/6acdac0b-6540-4a98-a173-4085694f7f81/ HTTP/1.1" 200 11664
INFO 2025-07-22 11:06:16,986 django.server "GET /static/CSS/signUp.css HTTP/1.1" 200 431
INFO 2025-07-22 11:07:00,720 django.server "GET / HTTP/1.1" 200 20301
INFO 2025-07-22 11:07:00,751 django.server "GET /static/landing_img2.jpg HTTP/1.1" 200 103797
INFO 2025-07-22 11:07:00,756 django.server "GET /static/css/mainPage.css HTTP/1.1" 200 3792
INFO 2025-07-22 11:07:00,756 django.server "GET /static/people/lucas.png HTTP/1.1" 200 4337
INFO 2025-07-22 11:07:00,758 django.server "GET /static/css/divider_mission.css HTTP/1.1" 200 975
INFO 2025-07-22 11:07:00,760 django.server "GET /static/css/cust_feedback.css HTTP/1.1" 200 877
INFO 2025-07-22 11:07:00,761 django.server "GET /static/people/kat.png HTTP/1.1" 200 4843
INFO 2025-07-22 11:07:00,761 django.server "GET /static/people/anish.png HTTP/1.1" 200 6868
INFO 2025-07-22 11:07:00,763 django.server "GET /static/people/casey.png HTTP/1.1" 200 8319
INFO 2025-07-22 11:07:00,771 django.server "GET /static/js/swiper_cust.js HTTP/1.1" 200 533
INFO 2025-07-22 11:07:06,490 django.server "GET /login/ HTTP/1.1" 200 11518
INFO 2025-07-22 11:07:14,659 django_actions Method: POST | Action: login attempt | IP: 127.0.0.1 | User: chandan@lendeavorusa.com
INFO 2025-07-22 11:07:15,023 django.server "POST /login/ HTTP/1.1" 302 0
INFO 2025-07-22 11:07:15,030 django.server "GET / HTTP/1.1" 200 20222
INFO 2025-07-22 11:07:18,582 django.server "GET /aboutus/ HTTP/1.1" 200 13963
INFO 2025-07-22 11:07:18,600 django.server "GET /static/services.png HTTP/1.1" 200 28124
INFO 2025-07-22 11:07:18,601 django.server "GET /static/nextstep.png HTTP/1.1" 200 45531
INFO 2025-07-22 11:07:18,601 django.server "GET /static/welcome.png HTTP/1.1" 200 45260
INFO 2025-07-22 11:07:18,609 django.server "GET /static/css/aboutus.css HTTP/1.1" 200 2788
INFO 2025-07-22 11:07:35,016 django.server "GET /products/ HTTP/1.1" 200 25031
INFO 2025-07-22 11:07:35,048 django.server "GET /static/css/products.css HTTP/1.1" 200 4030
INFO 2025-07-22 11:08:01,907 django.server "GET /careers HTTP/1.1" 301 0
INFO 2025-07-22 11:08:01,946 django.server "GET /careers/ HTTP/1.1" 200 22768
INFO 2025-07-22 11:08:01,974 django.server "GET /static/css/careers.css HTTP/1.1" 200 1569
INFO 2025-07-22 11:08:01,983 django.server "GET /static/js/job_crud_popup.js HTTP/1.1" 200 1467
INFO 2025-07-22 11:08:01,983 django.server "GET /static/js/select_bulk_delete_jobs.js HTTP/1.1" 200 1492
INFO 2025-07-22 11:08:06,107 django.server "GET /job/create/ HTTP/1.1" 200 13699
INFO 2025-07-22 11:08:06,131 django.server "GET /static/css/job_post.css HTTP/1.1" 200 603
INFO 2025-07-22 11:08:32,041 django_actions Method: POST | Action: Add job attempt | IP: 127.0.0.1 | User: info@lendeavorusa.com
INFO 2025-07-22 11:08:32,077 django.server "POST /job/create/ HTTP/1.1" 302 0
INFO 2025-07-22 11:08:32,089 django.server "GET /careers/?message=Job%20posted%20successfully! HTTP/1.1" 200 25450
INFO 2025-07-22 11:09:21,941 django.utils.autoreload C:\lndvr_test\Lendeavor\lndvr_site\job_posting_app\views.py changed, reloading.
INFO 2025-07-22 11:09:22,553 django.utils.autoreload Watching for file changes with StatReloader
INFO 2025-07-22 11:09:31,033 django.server "GET /job/create/ HTTP/1.1" 200 13699
INFO 2025-07-22 11:09:52,777 django_actions Method: POST | Action: Add job attempt | IP: 127.0.0.1 | User: chandan@lendeavorusa.com
INFO 2025-07-22 11:09:52,805 django.server "POST /job/create/ HTTP/1.1" 302 0
INFO 2025-07-22 11:09:52,818 django.server "GET /careers/?message=Job%20posted%20successfully! HTTP/1.1" 200 27982
INFO 2025-07-22 11:10:07,193 django.server "GET /job/edit/2beb3a53-edd3-4632-b830-8f3d13fdeffc/ HTTP/1.1" 200 14271
INFO 2025-07-22 11:10:11,207 django_actions Method: POST | Action: Single job delete attempt | IP: 127.0.0.1 | User: info@lendeavorusa.com
INFO 2025-07-22 11:10:11,217 django.server "POST /job/edit/2beb3a53-edd3-4632-b830-8f3d13fdeffc/ HTTP/1.1" 302 0
INFO 2025-07-22 11:10:11,228 django.server "GET /careers/?message=Job%20deleted%20successfully. HTTP/1.1" 200 25445
INFO 2025-07-22 11:12:18,982 django.utils.autoreload C:\lndvr_test\Lendeavor\lndvr_site\job_posting_app\views.py changed, reloading.
INFO 2025-07-22 11:12:19,403 django.utils.autoreload Watching for file changes with StatReloader
INFO 2025-07-22 11:12:38,839 django.server "GET /careers/?message=Job%20deleted%20successfully. HTTP/1.1" 200 25445
INFO 2025-07-22 11:12:39,054 django.server "GET /static/logo/lndvrlogo.png HTTP/1.1" 304 0
INFO 2025-07-22 11:12:51,696 django.server "GET /careers/?message=Job%20deleted%20successfully. HTTP/1.1" 200 25445
INFO 2025-07-22 11:12:55,588 django.server "GET /careers/?message=Job%20deleted%20successfully. HTTP/1.1" 200 25445
INFO 2025-07-22 11:13:06,482 django.server "GET /job/edit/4a09342c-53c8-4473-ab4b-efc7a34e56c5/ HTTP/1.1" 200 14261
INFO 2025-07-22 11:13:09,061 django_actions Method: POST | Action: Single job delete attempt | IP: 127.0.0.1 | User: info@lendeavorusa.com
INFO 2025-07-22 11:13:09,068 django.server "POST /job/edit/4a09342c-53c8-4473-ab4b-efc7a34e56c5/ HTTP/1.1" 302 0
INFO 2025-07-22 11:13:09,083 django.server "GET /careers/?message=Job%20deleted%20successfully. HTTP/1.1" 200 22913
INFO 2025-07-22 11:14:17,454 django.utils.autoreload C:\lndvr_test\Lendeavor\lndvr_site\job_posting_app\views.py changed, reloading.
INFO 2025-07-22 11:14:18,036 django.utils.autoreload Watching for file changes with StatReloader
INFO 2025-07-22 11:14:19,475 django.server "GET /job/create/ HTTP/1.1" 200 13699
INFO 2025-07-22 11:14:31,933 django_actions Method: POST | Action: Add job attempt | IP: 127.0.0.1 | User: chandan@lendeavorusa.com
INFO 2025-07-22 11:14:31,962 django.server "POST /job/create/ HTTP/1.1" 302 0
INFO 2025-07-22 11:14:31,974 django.server "GET /careers/?message=Job%20posted%20successfully! HTTP/1.1" 200 25447
INFO 2025-07-22 11:14:56,874 django.server "GET /job/edit/eda34f81-6c1e-4929-bee3-091d26435da1/ HTTP/1.1" 200 14265
INFO 2025-07-22 11:15:02,069 django_actions Method: POST | Action: Single job delete attempt | IP: 127.0.0.1 | User: Anonymous
INFO 2025-07-22 11:15:02,078 django.server "POST /job/edit/eda34f81-6c1e-4929-bee3-091d26435da1/ HTTP/1.1" 302 0
INFO 2025-07-22 11:15:02,091 django.server "GET /careers/?message=Job%20deleted%20successfully. HTTP/1.1" 200 22913
INFO 2025-07-22 11:19:49,424 django.utils.autoreload C:\lndvr_test\Lendeavor\lndvr_site\job_posting_app\views.py changed, reloading.
INFO 2025-07-22 11:19:49,814 django.utils.autoreload Watching for file changes with StatReloader
INFO 2025-07-22 11:23:43,039 django.utils.autoreload C:\lndvr_test\Lendeavor\lndvr_site\job_posting_app\views.py changed, reloading.
INFO 2025-07-22 11:23:43,450 django.utils.autoreload Watching for file changes with StatReloader
INFO 2025-07-22 11:24:16,641 django.utils.autoreload C:\lndvr_test\Lendeavor\lndvr_site\job_posting_app\views.py changed, reloading.
INFO 2025-07-22 11:24:17,016 django.utils.autoreload Watching for file changes with StatReloader
INFO 2025-07-22 11:24:54,223 django.utils.autoreload C:\lndvr_test\Lendeavor\lndvr_site\job_posting_app\views.py changed, reloading.
INFO 2025-07-22 11:24:54,596 django.utils.autoreload Watching for file changes with StatReloader
INFO 2025-07-22 11:25:00,178 django.server "GET /careers/?message=Job%20deleted%20successfully. HTTP/1.1" 200 22913
INFO 2025-07-22 11:25:02,894 django.server "GET /job/create/ HTTP/1.1" 200 13699
INFO 2025-07-22 11:25:12,301 django_actions Method: POST | Action: Add job attempt | IP: 127.0.0.1 | User: chandan@lendeavorusa.com
INFO 2025-07-22 11:25:12,329 django.server "POST /job/create/ HTTP/1.1" 302 0
INFO 2025-07-22 11:25:12,338 django.server "GET /careers/?message=Job%20posted%20successfully! HTTP/1.1" 200 25447
INFO 2025-07-22 11:25:15,810 django.server "GET /job/edit/dcafab69-1d7f-4eaf-b1b7-2595c49c9af1/ HTTP/1.1" 200 14268
INFO 2025-07-22 11:25:31,014 django_actions Method: POST | Action: Single job delete attempt | IP: 127.0.0.1 | User: chandan@lendeavorusa.com
INFO 2025-07-22 11:25:31,022 django.server "POST /job/edit/dcafab69-1d7f-4eaf-b1b7-2595c49c9af1/ HTTP/1.1" 302 0
INFO 2025-07-22 11:25:31,036 django.server "GET /careers/?message=Job%20deleted%20successfully. HTTP/1.1" 200 22913
INFO 2025-07-22 11:25:40,074 django.server "GET /job/edit/f4605b2c-6d9c-41ce-ab96-27191e75634a/ HTTP/1.1" 200 14272
INFO 2025-07-22 11:25:46,154 django_actions Method: POST | Action: Single job update attempt | IP: 127.0.0.1 | User: chandan@lendeavorusa.com
INFO 2025-07-22 11:25:46,158 django.server "POST /job/edit/f4605b2c-6d9c-41ce-ab96-27191e75634a/ HTTP/1.1" 302 0
INFO 2025-07-22 11:25:46,167 django.server "GET /careers/?message=Job%20updated%20successfully. HTTP/1.1" 200 22913
INFO 2025-07-22 11:36:53,251 django.server "GET /contact/ HTTP/1.1" 200 13705
INFO 2025-07-22 11:36:53,297 django.server "GET /static/css/contact.css HTTP/1.1" 200 786
INFO 2025-07-22 11:37:06,029 django.server "POST /contact/ HTTP/1.1" 200 13853
INFO 2025-07-22 11:37:18,748 django_actions Method: GET | Action: Affiliate application attempt | IP: 127.0.0.1 | User: AnonymousUser
INFO 2025-07-22 11:37:18,768 django.server "GET /affiliate/ HTTP/1.1" 200 18806
INFO 2025-07-22 11:37:18,808 django.server "GET /static/landing_img4.png HTTP/1.1" 200 290561
INFO 2025-07-22 11:37:18,818 django.server "GET /static/css/affiliate.css HTTP/1.1" 200 2807
INFO 2025-07-22 11:37:33,895 django_actions Method: POST | Action: Affiliate application attempt | IP: 127.0.0.1 | User: chandan@lendeavorusa.com
INFO 2025-07-22 11:37:33,906 django.server "POST /affiliate/ HTTP/1.1" 302 0
INFO 2025-07-22 11:37:33,916 django_actions Method: GET | Action: Affiliate application attempt | IP: 127.0.0.1 | User: AnonymousUser
INFO 2025-07-22 11:37:33,918 django.server "GET /affiliate/?message=Your%20application%20has%20been%20submitted%20successfully! HTTP/1.1" 200 18975
INFO 2025-07-22 11:40:00,418 django.utils.autoreload C:\lndvr_test\Lendeavor\lndvr_site\affiliate_app\views.py changed, reloading.
INFO 2025-07-22 11:40:00,810 django.utils.autoreload Watching for file changes with StatReloader
INFO 2025-07-22 11:42:18,130 django.utils.autoreload C:\lndvr_test\Lendeavor\lndvr_site\affiliate_app\views.py changed, reloading.
INFO 2025-07-22 11:42:18,524 django.utils.autoreload Watching for file changes with StatReloader
INFO 2025-07-22 11:42:38,162 django_actions Method: POST | Action: Affiliate application attempt | IP: 127.0.0.1 | User: chandan@lendeavor.com
INFO 2025-07-22 11:42:38,197 django.server "POST /affiliate/?message=Your%20application%20has%20been%20submitted%20successfully! HTTP/1.1" 302 0
INFO 2025-07-22 11:42:38,213 django.server "GET /affiliate/?message=Your%20application%20has%20been%20submitted%20successfully! HTTP/1.1" 200 18975
INFO 2025-07-22 11:43:20,612 django.utils.autoreload C:\lndvr_test\Lendeavor\lndvr_site\affiliate_app\views.py changed, reloading.
INFO 2025-07-22 11:43:21,275 django.utils.autoreload Watching for file changes with StatReloader
INFO 2025-07-22 11:43:32,659 django.utils.autoreload C:\lndvr_test\Lendeavor\lndvr_site\myapp\views.py changed, reloading.
INFO 2025-07-22 11:43:33,475 django.utils.autoreload Watching for file changes with StatReloader
INFO 2025-07-22 11:43:37,498 django.utils.autoreload C:\lndvr_test\Lendeavor\lndvr_site\myapp\views.py changed, reloading.
INFO 2025-07-22 11:43:38,186 django.utils.autoreload Watching for file changes with StatReloader
INFO 2025-07-22 12:22:34,565 django.utils.autoreload Watching for file changes with StatReloader
INFO 2025-07-22 12:22:35,050 django.server "GET /affiliate HTTP/1.1" 301 0
INFO 2025-07-22 12:22:35,063 django.server "GET /affiliate/ HTTP/1.1" 200 18806
INFO 2025-07-22 12:22:38,718 django.server "GET /affiliate/ HTTP/1.1" 200 18806
INFO 2025-07-22 12:22:45,128 django.server "GET /caseStudy/ HTTP/1.1" 200 16063
INFO 2025-07-22 12:22:45,217 django.server "GET /static/case_study1.webp HTTP/1.1" 200 47706
INFO 2025-07-22 12:22:45,222 django.server "GET /static/css/case_study.css HTTP/1.1" 200 1911
INFO 2025-07-22 12:22:45,227 django.server "GET /static/case_study2.webp HTTP/1.1" 200 75122
INFO 2025-07-22 12:23:27,508 django.server "GET /lenders/marketplace/ HTTP/1.1" 200 16725
INFO 2025-07-22 12:23:27,533 django.server "GET /static/css/lenders_marketplace.css HTTP/1.1" 200 2923
INFO 2025-07-22 12:27:51,695 django.utils.autoreload Watching for file changes with StatReloader
INFO 2025-07-22 12:27:54,247 django.server "GET / HTTP/1.1" 200 20301
INFO 2025-07-22 12:27:57,043 django.server "GET /lenders/marketplace/ HTTP/1.1" 200 16804
INFO 2025-07-22 12:27:59,830 django.server "GET /lenders/marketplace/ HTTP/1.1" 200 16804
INFO 2025-07-22 12:28:00,079 django.server "GET /static/logo/lndvrlogo.png HTTP/1.1" 304 0
INFO 2025-07-22 12:30:25,625 django.server "GET /careers/ HTTP/1.1" 200 19610
INFO 2025-07-22 12:30:25,646 django.server "GET /static/css/careers.css HTTP/1.1" 304 0
INFO 2025-07-22 12:30:25,646 django.server "GET /static/js/select_bulk_delete_jobs.js HTTP/1.1" 304 0
INFO 2025-07-22 12:30:25,646 django.server "GET /static/js/job_crud_popup.js HTTP/1.1" 304 0
INFO 2025-07-22 12:30:30,109 django_actions Method: GET | Action: Job application attempt | IP: 127.0.0.1 | User: AnonymousUser
INFO 2025-07-22 12:30:30,136 django.server "GET /careers/application/23ae4423-ebdd-4a32-97a8-3dadd9d8b657/ HTTP/1.1" 200 16283
INFO 2025-07-22 12:30:30,158 django.server "GET /static/css/job_apply.css HTTP/1.1" 304 0
INFO 2025-07-22 12:31:03,941 django_actions Method: POST | Action: Job application attempt | IP: 127.0.0.1 | User: trial@gmail.com
INFO 2025-07-22 12:31:04,012 django.server "POST /careers/application/23ae4423-ebdd-4a32-97a8-3dadd9d8b657/ HTTP/1.1" 302 0
INFO 2025-07-22 12:31:04,057 django_actions Method: GET | Action: Job application attempt | IP: 127.0.0.1 | User: AnonymousUser
INFO 2025-07-22 12:31:04,065 django.server "GET /careers/application/23ae4423-ebdd-4a32-97a8-3dadd9d8b657/?message=You%20have%20successfully%20applied%20for%20this%20job. HTTP/1.1" 200 16446
INFO 2025-07-22 12:31:28,896 django_actions Method: GET | Action: Job application attempt | IP: 127.0.0.1 | User: AnonymousUser
INFO 2025-07-22 12:31:28,900 django.server "GET /careers/application/23ae4423-ebdd-4a32-97a8-3dadd9d8b657/ HTTP/1.1" 200 16283
INFO 2025-07-22 12:31:32,718 django.server "GET /contact/ HTTP/1.1" 200 13784
INFO 2025-07-22 12:31:32,757 django.server "GET /static/css/contact.css HTTP/1.1" 304 0
INFO 2025-07-22 12:31:49,148 django.server "POST /contact/ HTTP/1.1" 200 13932
INFO 2025-07-22 12:32:02,452 django.server "GET /affiliate/ HTTP/1.1" 200 18885
INFO 2025-07-22 12:32:02,487 django.server "GET /static/landing_img4.png HTTP/1.1" 304 0
INFO 2025-07-22 12:32:02,487 django.server "GET /static/css/affiliate.css HTTP/1.1" 304 0
INFO 2025-07-22 12:32:21,508 django_actions Method: POST | Action: Affiliate application attempt | IP: 127.0.0.1 | User: trail@lendeavorusa.com
INFO 2025-07-22 12:32:21,509 django.server "POST /affiliate/ HTTP/1.1" 200 19067
INFO 2025-07-22 12:33:12,326 django_actions Method: POST | Action: Affiliate application attempt | IP: 127.0.0.1 | User: chandan@lendeavorusa.com
INFO 2025-07-22 12:33:12,327 django.server "POST /affiliate/ HTTP/1.1" 200 19067
INFO 2025-07-22 12:33:30,351 django.server "GET /login/ HTTP/1.1" 200 11518
INFO 2025-07-22 12:33:39,975 django_actions Method: POST | Action: login attempt | IP: 127.0.0.1 | User: chandan@lendeavorusa.com
INFO 2025-07-22 12:33:40,331 django.server "POST /login/ HTTP/1.1" 302 0
INFO 2025-07-22 12:33:40,337 django.server "GET / HTTP/1.1" 200 20222
INFO 2025-07-22 12:33:43,471 django.server "GET /lenders/marketplace/ HTTP/1.1" 200 16725
INFO 2025-07-22 12:33:46,078 django.server "GET /affiliate/ HTTP/1.1" 200 18806
INFO 2025-07-22 12:34:01,428 django_actions Method: POST | Action: Affiliate application attempt | IP: 127.0.0.1 | User: chandan@lendeavor.com
INFO 2025-07-22 12:34:01,438 django.server "POST /affiliate/ HTTP/1.1" 302 0
INFO 2025-07-22 12:34:01,449 django.server "GET /affiliate/?message=Your%20application%20has%20been%20submitted%20successfully! HTTP/1.1" 200 18975
INFO 2025-07-22 12:42:25,421 django_actions Method: GET | Action: logout attempt | IP: 127.0.0.1 | User: chandan@lendeavorusa.com
INFO 2025-07-22 12:42:25,429 django.server "GET /logout/ HTTP/1.1" 302 0
INFO 2025-07-22 12:42:25,435 django.server "GET /?message=You%20have%20successfully%20logged%20out. HTTP/1.1" 200 20301
INFO 2025-07-22 12:42:41,705 django.server "GET / HTTP/1.1" 200 20301
INFO 2025-07-22 13:44:08,535 django.server "GET / HTTP/1.1" 200 20301
INFO 2025-07-22 13:44:08,572 django.server "GET /static/js/message_fade.js HTTP/1.1" 304 0
INFO 2025-07-22 13:50:22,564 django.server "GET /lenders/marketplace/ HTTP/1.1" 200 16804
INFO 2025-07-22 13:50:22,587 django.server "GET /static/js/message_fade.js HTTP/1.1" 304 0
WARNING 2025-07-22 14:11:54,765 django.request Not Found: /.well-known/appspecific/com.chrome.devtools.json
WARNING 2025-07-22 14:11:54,766 django.server "GET /.well-known/appspecific/com.chrome.devtools.json HTTP/1.1" 404 7499
INFO 2025-07-22 14:12:14,038 django.server "GET /products/ HTTP/1.1" 200 25110
WARNING 2025-07-22 14:12:14,067 django.request Not Found: /.well-known/appspecific/com.chrome.devtools.json
WARNING 2025-07-22 14:12:14,069 django.server "GET /.well-known/appspecific/com.chrome.devtools.json HTTP/1.1" 404 7499
INFO 2025-07-22 14:12:14,164 django.server "GET /static/css/divider_mission.css HTTP/1.1" 200 975
INFO 2025-07-22 14:12:14,168 django.server "GET /static/css/mainPage.css HTTP/1.1" 200 3792
INFO 2025-07-22 14:12:14,173 django.server "GET /static/js/message_fade.js HTTP/1.1" 200 415
INFO 2025-07-22 14:12:14,173 django.server "GET /static/js/swiper_cust.js HTTP/1.1" 200 533
INFO 2025-07-22 14:12:14,174 django.server "GET /static/logo/logo_writting.png HTTP/1.1" 200 13510
INFO 2025-07-22 14:12:14,175 django.server "GET /static/css/products.css HTTP/1.1" 200 4030
INFO 2025-07-22 14:12:16,274 django.server "GET /aboutus/ HTTP/1.1" 200 14042
WARNING 2025-07-22 14:12:16,297 django.request Not Found: /.well-known/appspecific/com.chrome.devtools.json
WARNING 2025-07-22 14:12:16,297 django.server "GET /.well-known/appspecific/com.chrome.devtools.json HTTP/1.1" 404 7499
INFO 2025-07-22 14:12:16,300 django.server "GET /static/css/mainPage.css HTTP/1.1" 200 3792
INFO 2025-07-22 14:12:16,301 django.server "GET /static/css/divider_mission.css HTTP/1.1" 200 975
INFO 2025-07-22 14:12:16,306 django.server "GET /static/css/aboutus.css HTTP/1.1" 200 2788
INFO 2025-07-22 14:12:16,307 django.server "GET /static/logo/logo_writting.png HTTP/1.1" 200 13510
INFO 2025-07-22 14:12:16,307 django.server "GET /static/services.png HTTP/1.1" 200 28124
INFO 2025-07-22 14:12:16,308 django.server "GET /static/welcome.png HTTP/1.1" 200 45260
INFO 2025-07-22 14:12:16,309 django.server "GET /static/js/swiper_cust.js HTTP/1.1" 200 533
INFO 2025-07-22 14:12:16,310 django.server "GET /static/nextstep.png HTTP/1.1" 200 45531
INFO 2025-07-22 14:12:16,313 django.server "GET /static/js/message_fade.js HTTP/1.1" 200 415
INFO 2025-07-22 14:12:17,709 django.server "GET /careers HTTP/1.1" 301 0
INFO 2025-07-22 14:12:17,718 django.server "GET /careers/ HTTP/1.1" 200 19610
WARNING 2025-07-22 14:12:17,749 django.request Not Found: /.well-known/appspecific/com.chrome.devtools.json
WARNING 2025-07-22 14:12:17,750 django.server "GET /.well-known/appspecific/com.chrome.devtools.json HTTP/1.1" 404 7499
INFO 2025-07-22 14:12:17,752 django.server "GET /static/css/mainPage.css HTTP/1.1" 200 3792
INFO 2025-07-22 14:12:17,753 django.server "GET /static/css/divider_mission.css HTTP/1.1" 200 975
INFO 2025-07-22 14:12:17,754 django.server "GET /static/css/careers.css HTTP/1.1" 200 1569
INFO 2025-07-22 14:12:17,755 django.server "GET /static/js/select_bulk_delete_jobs.js HTTP/1.1" 200 1492
INFO 2025-07-22 14:12:17,756 django.server "GET /static/logo/logo_writting.png HTTP/1.1" 200 13510
INFO 2025-07-22 14:12:17,758 django.server "GET /static/js/job_crud_popup.js HTTP/1.1" 200 1467
INFO 2025-07-22 14:12:17,758 django.server "GET /static/js/swiper_cust.js HTTP/1.1" 200 533
INFO 2025-07-22 14:12:17,759 django.server "GET /static/js/message_fade.js HTTP/1.1" 200 415
INFO 2025-07-22 14:12:19,220 django.server "GET /contact/ HTTP/1.1" 200 13784
WARNING 2025-07-22 14:12:19,244 django.request Not Found: /.well-known/appspecific/com.chrome.devtools.json
WARNING 2025-07-22 14:12:19,245 django.server "GET /.well-known/appspecific/com.chrome.devtools.json HTTP/1.1" 404 7499
INFO 2025-07-22 14:12:19,248 django.server "GET /static/css/mainPage.css HTTP/1.1" 200 3792
INFO 2025-07-22 14:12:19,249 django.server "GET /static/css/divider_mission.css HTTP/1.1" 200 975
INFO 2025-07-22 14:12:19,252 django.server "GET /static/css/contact.css HTTP/1.1" 200 786
INFO 2025-07-22 14:12:19,253 django.server "GET /static/logo/logo_writting.png HTTP/1.1" 200 13510
INFO 2025-07-22 14:12:19,253 django.server "GET /static/js/swiper_cust.js HTTP/1.1" 200 533
INFO 2025-07-22 14:12:19,253 django.server "GET /static/js/message_fade.js HTTP/1.1" 200 415
INFO 2025-07-22 14:12:23,595 django.server "GET /steps/ HTTP/1.1" 200 12775
WARNING 2025-07-22 14:12:23,624 django.request Not Found: /.well-known/appspecific/com.chrome.devtools.json
WARNING 2025-07-22 14:12:23,624 django.server "GET /.well-known/appspecific/com.chrome.devtools.json HTTP/1.1" 404 7499
INFO 2025-07-22 14:12:23,630 django.server "GET /static/css/divider_mission.css HTTP/1.1" 200 975
INFO 2025-07-22 14:12:23,630 django.server "GET /static/css/mainPage.css HTTP/1.1" 200 3792
INFO 2025-07-22 14:12:23,631 django.server "GET /static/css/aboutus.css HTTP/1.1" 200 2788
INFO 2025-07-22 14:12:23,632 django.server "GET /static/logo/logo_writting.png HTTP/1.1" 200 13510
INFO 2025-07-22 14:12:23,638 django.server "GET /static/js/message_fade.js HTTP/1.1" 200 415
INFO 2025-07-22 14:12:23,638 django.server "GET /static/js/swiper_cust.js HTTP/1.1" 200 533
INFO 2025-07-22 14:12:23,639 django.server "GET /static/compare_optn.jpg HTTP/1.1" 200 75211
INFO 2025-07-22 14:12:23,641 django.server "GET /static/money.jpg HTTP/1.1" 200 222036
INFO 2025-07-22 14:12:23,649 django.server "GET /static/vision.jpeg HTTP/1.1" 200 2092633
INFO 2025-07-22 14:12:25,969 django.server "GET /faq/ HTTP/1.1" 200 20719
WARNING 2025-07-22 14:12:26,005 django.request Not Found: /.well-known/appspecific/com.chrome.devtools.json
WARNING 2025-07-22 14:12:26,005 django.server "GET /.well-known/appspecific/com.chrome.devtools.json HTTP/1.1" 404 7499
INFO 2025-07-22 14:12:26,010 django.server "GET /static/css/divider_mission.css HTTP/1.1" 200 975
INFO 2025-07-22 14:12:26,010 django.server "GET /static/css/mainPage.css HTTP/1.1" 200 3792
INFO 2025-07-22 14:12:26,013 django.server "GET /static/logo/logo_writting.png HTTP/1.1" 200 13510
INFO 2025-07-22 14:12:26,013 django.server "GET /static/js/swiper_cust.js HTTP/1.1" 200 533
INFO 2025-07-22 14:12:26,016 django.server "GET /static/js/message_fade.js HTTP/1.1" 200 415
INFO 2025-07-22 14:12:26,023 django.server "GET /static/css/faq.css HTTP/1.1" 200 3371
INFO 2025-07-22 14:12:26,031 django.server "GET /static/js/faq_search.js HTTP/1.1" 200 1308
INFO 2025-07-22 14:12:34,574 django.server "GET /contact/ HTTP/1.1" 200 13784
WARNING 2025-07-22 14:12:34,608 django.request Not Found: /.well-known/appspecific/com.chrome.devtools.json
WARNING 2025-07-22 14:12:34,611 django.server "GET /.well-known/appspecific/com.chrome.devtools.json HTTP/1.1" 404 7499
INFO 2025-07-22 14:12:34,612 django.server "GET /static/css/contact.css HTTP/1.1" 200 786
INFO 2025-07-22 14:12:34,612 django.server "GET /static/css/mainPage.css HTTP/1.1" 200 3792
INFO 2025-07-22 14:12:34,612 django.server "GET /static/css/divider_mission.css HTTP/1.1" 200 975
INFO 2025-07-22 14:12:34,613 django.server "GET /static/logo/logo_writting.png HTTP/1.1" 200 13510
INFO 2025-07-22 14:12:34,617 django.server "GET /static/js/swiper_cust.js HTTP/1.1" 200 533
INFO 2025-07-22 14:12:34,617 django.server "GET /static/js/message_fade.js HTTP/1.1" 200 415
INFO 2025-07-22 14:14:26,661 django.server "GET / HTTP/1.1" 200 20301
INFO 2025-07-22 14:15:21,572 django.server "GET /contact/ HTTP/1.1" 200 13784
WARNING 2025-07-22 14:15:21,607 django.request Not Found: /.well-known/appspecific/com.chrome.devtools.json
WARNING 2025-07-22 14:15:21,609 django.server "GET /.well-known/appspecific/com.chrome.devtools.json HTTP/1.1" 404 7499
INFO 2025-07-22 14:15:21,611 django.server "GET /static/css/contact.css HTTP/1.1" 200 786
INFO 2025-07-22 14:15:21,611 django.server "GET /static/css/mainPage.css HTTP/1.1" 200 3792
INFO 2025-07-22 14:15:21,611 django.server "GET /static/css/divider_mission.css HTTP/1.1" 200 975
INFO 2025-07-22 14:15:21,612 django.server "GET /static/logo/logo_writting.png HTTP/1.1" 200 13510
INFO 2025-07-22 14:15:21,621 django.server "GET /static/js/message_fade.js HTTP/1.1" 200 415
INFO 2025-07-22 14:15:21,622 django.server "GET /static/js/swiper_cust.js HTTP/1.1" 200 533
INFO 2025-07-22 14:15:21,882 django.server "GET /static/logo/lndvrlogo.png HTTP/1.1" 200 23379
INFO 2025-07-22 14:15:25,596 django.server - Broken pipe from ('127.0.0.1', 61050)
WARNING 2025-07-22 14:15:25,704 django.request Not Found: /robots.txt
WARNING 2025-07-22 14:15:25,705 django.server "GET /robots.txt HTTP/1.1" 404 7385
WARNING 2025-07-22 14:15:27,552 django.request Not Found: /.well-known/appspecific/com.chrome.devtools.json
WARNING 2025-07-22 14:15:27,553 django.server "GET /.well-known/appspecific/com.chrome.devtools.json HTTP/1.1" 404 7499
WARNING 2025-07-22 14:15:27,565 django.request Not Found: /.well-known/appspecific/com.chrome.devtools.json
WARNING 2025-07-22 14:15:27,566 django.server "GET /.well-known/appspecific/com.chrome.devtools.json HTTP/1.1" 404 7499
INFO 2025-07-22 14:15:28,381 django.server "GET /contact/ HTTP/1.1" 200 13784
INFO 2025-07-22 14:15:28,456 django.server "GET /static/css/divider_mission.css HTTP/1.1" 200 975
INFO 2025-07-22 14:15:28,456 django.server "GET /static/css/contact.css HTTP/1.1" 200 786
INFO 2025-07-22 14:15:28,456 django.server "GET /static/css/mainPage.css HTTP/1.1" 200 3792
INFO 2025-07-22 14:15:28,457 django.server "GET /static/logo/logo_writting.png HTTP/1.1" 200 13510
INFO 2025-07-22 14:15:28,458 django.server "GET /static/js/swiper_cust.js HTTP/1.1" 200 533
INFO 2025-07-22 14:15:28,461 django.server "GET /static/js/message_fade.js HTTP/1.1" 200 415
WARNING 2025-07-22 14:15:28,480 django.request Not Found: /.well-known/appspecific/com.chrome.devtools.json
WARNING 2025-07-22 14:15:28,481 django.server "GET /.well-known/appspecific/com.chrome.devtools.json HTTP/1.1" 404 7499
INFO 2025-07-22 14:15:38,420 django.server "GET /contact/ HTTP/1.1" 200 13784
WARNING 2025-07-22 14:15:38,449 django.request Not Found: /.well-known/appspecific/com.chrome.devtools.json
WARNING 2025-07-22 14:15:38,453 django.server "GET /.well-known/appspecific/com.chrome.devtools.json HTTP/1.1" 404 7499
INFO 2025-07-22 14:15:38,454 django.server "GET /static/css/divider_mission.css HTTP/1.1" 200 975
INFO 2025-07-22 14:15:38,455 django.server "GET /static/css/mainPage.css HTTP/1.1" 200 3792
INFO 2025-07-22 14:15:38,455 django.server "GET /static/css/contact.css HTTP/1.1" 200 786
INFO 2025-07-22 14:15:38,455 django.server "GET /static/js/swiper_cust.js HTTP/1.1" 200 533
INFO 2025-07-22 14:15:38,455 django.server "GET /static/logo/logo_writting.png HTTP/1.1" 200 13510
INFO 2025-07-22 14:15:38,459 django.server "GET /static/js/message_fade.js HTTP/1.1" 200 415
INFO 2025-07-22 14:15:38,755 django.server "GET /static/logo/lndvrlogo.png HTTP/1.1" 200 23379
INFO 2025-07-22 14:15:59,627 django.server "GET /affiliate/ HTTP/1.1" 200 18885
WARNING 2025-07-22 14:15:59,650 django.request Not Found: /.well-known/appspecific/com.chrome.devtools.json
WARNING 2025-07-22 14:15:59,651 django.server "GET /.well-known/appspecific/com.chrome.devtools.json HTTP/1.1" 404 7499
INFO 2025-07-22 14:15:59,658 django.server "GET /static/css/divider_mission.css HTTP/1.1" 200 975
INFO 2025-07-22 14:15:59,658 django.server "GET /static/css/mainPage.css HTTP/1.1" 200 3792
INFO 2025-07-22 14:15:59,660 django.server "GET /static/css/affiliate.css HTTP/1.1" 200 2807
INFO 2025-07-22 14:15:59,660 django.server "GET /static/css/cust_feedback.css HTTP/1.1" 200 877
INFO 2025-07-22 14:15:59,661 django.server "GET /static/logo/logo_writting.png HTTP/1.1" 200 13510
INFO 2025-07-22 14:15:59,663 django.server "GET /static/people/kat.png HTTP/1.1" 200 4843
INFO 2025-07-22 14:15:59,663 django.server "GET /static/people/lucas.png HTTP/1.1" 200 4337
INFO 2025-07-22 14:15:59,665 django.server "GET /static/landing_img4.png HTTP/1.1" 200 290561
INFO 2025-07-22 14:15:59,670 django.server "GET /static/js/swiper_cust.js HTTP/1.1" 200 533
INFO 2025-07-22 14:15:59,670 django.server "GET /static/js/message_fade.js HTTP/1.1" 200 415
INFO 2025-07-22 14:15:59,670 django.server "GET /static/people/anish.png HTTP/1.1" 200 6868
INFO 2025-07-22 14:15:59,674 django.server "GET /static/people/casey.png HTTP/1.1" 200 8319
INFO 2025-07-22 14:16:01,968 django.server "GET /lenders/marketplace/ HTTP/1.1" 200 16804
WARNING 2025-07-22 14:16:01,997 django.request Not Found: /.well-known/appspecific/com.chrome.devtools.json
WARNING 2025-07-22 14:16:02,000 django.server "GET /.well-known/appspecific/com.chrome.devtools.json HTTP/1.1" 404 7499
INFO 2025-07-22 14:16:02,001 django.server "GET /static/css/mainPage.css HTTP/1.1" 200 3792
INFO 2025-07-22 14:16:02,001 django.server "GET /static/css/divider_mission.css HTTP/1.1" 200 975
INFO 2025-07-22 14:16:02,005 django.server "GET /static/css/lenders_marketplace.css HTTP/1.1" 200 2923
INFO 2025-07-22 14:16:02,005 django.server "GET /static/js/swiper_cust.js HTTP/1.1" 200 533
INFO 2025-07-22 14:16:02,005 django.server "GET /static/logo/logo_writting.png HTTP/1.1" 200 13510
INFO 2025-07-22 14:16:02,007 django.server "GET /static/js/message_fade.js HTTP/1.1" 200 415
WARNING 2025-07-22 14:16:16,165 django.request Not Found: /.well-known/appspecific/com.chrome.devtools.json
WARNING 2025-07-22 14:16:16,166 django.server "GET /.well-known/appspecific/com.chrome.devtools.json HTTP/1.1" 404 7499
INFO 2025-07-22 14:16:23,660 django.server "GET /lenders/marketplace/ HTTP/1.1" 200 16804
WARNING 2025-07-22 14:16:23,683 django.request Not Found: /.well-known/appspecific/com.chrome.devtools.json
WARNING 2025-07-22 14:16:23,685 django.server "GET /.well-known/appspecific/com.chrome.devtools.json HTTP/1.1" 404 7499
INFO 2025-07-22 14:16:23,686 django.server "GET /static/css/divider_mission.css HTTP/1.1" 200 975
INFO 2025-07-22 14:16:23,687 django.server "GET /static/css/mainPage.css HTTP/1.1" 200 3792
INFO 2025-07-22 14:16:23,687 django.server "GET /static/css/lenders_marketplace.css HTTP/1.1" 200 2923
INFO 2025-07-22 14:16:23,687 django.server "GET /static/logo/logo_writting.png HTTP/1.1" 200 13510
INFO 2025-07-22 14:16:23,697 django.server "GET /static/js/message_fade.js HTTP/1.1" 200 415
INFO 2025-07-22 14:16:23,698 django.server "GET /static/js/swiper_cust.js HTTP/1.1" 200 533
INFO 2025-07-22 14:16:23,937 django.server "GET /static/logo/lndvrlogo.png HTTP/1.1" 200 23379
INFO 2025-07-22 14:16:27,536 django.server "GET /static/logo/logo_writting.png HTTP/1.1" 200 13510
WARNING 2025-07-22 14:16:27,630 django.request Not Found: /robots.txt
WARNING 2025-07-22 14:16:27,631 django.server "GET /robots.txt HTTP/1.1" 404 7385
WARNING 2025-07-22 14:16:29,425 django.request Not Found: /.well-known/appspecific/com.chrome.devtools.json
WARNING 2025-07-22 14:16:29,426 django.server "GET /.well-known/appspecific/com.chrome.devtools.json HTTP/1.1" 404 7499
WARNING 2025-07-22 14:16:29,433 django.request Not Found: /.well-known/appspecific/com.chrome.devtools.json
WARNING 2025-07-22 14:16:29,434 django.server "GET /.well-known/appspecific/com.chrome.devtools.json HTTP/1.1" 404 7499
INFO 2025-07-22 14:16:30,190 django.server "GET /lenders/marketplace/ HTTP/1.1" 200 16804
INFO 2025-07-22 14:16:30,265 django.server "GET /static/css/mainPage.css HTTP/1.1" 200 3792
INFO 2025-07-22 14:16:30,266 django.server "GET /static/logo/logo_writting.png HTTP/1.1" 200 13510
INFO 2025-07-22 14:16:30,266 django.server "GET /static/css/divider_mission.css HTTP/1.1" 200 975
INFO 2025-07-22 14:16:30,266 django.server "GET /static/css/lenders_marketplace.css HTTP/1.1" 200 2923
INFO 2025-07-22 14:16:30,285 django.server "GET /static/js/message_fade.js HTTP/1.1" 200 415
INFO 2025-07-22 14:16:30,286 django.server "GET /static/js/swiper_cust.js HTTP/1.1" 200 533
WARNING 2025-07-22 14:16:30,305 django.request Not Found: /.well-known/appspecific/com.chrome.devtools.json
WARNING 2025-07-22 14:16:30,306 django.server "GET /.well-known/appspecific/com.chrome.devtools.json HTTP/1.1" 404 7499
INFO 2025-07-22 14:16:48,716 django.server "GET /aboutus/ HTTP/1.1" 200 14042
INFO 2025-07-22 14:16:48,740 django.server "GET /static/css/aboutus.css HTTP/1.1" 200 2788
INFO 2025-07-22 14:16:48,741 django.server "GET /static/welcome.png HTTP/1.1" 200 45260
INFO 2025-07-22 14:16:48,741 django.server "GET /static/services.png HTTP/1.1" 200 28124
INFO 2025-07-22 14:16:48,741 django.server "GET /static/nextstep.png HTTP/1.1" 200 45531
INFO 2025-07-22 14:16:52,597 django.server "GET / HTTP/1.1" 200 20301
INFO 2025-07-22 14:16:52,627 django.server "GET /static/css/cust_feedback.css HTTP/1.1" 200 877
INFO 2025-07-22 14:16:52,629 django.server "GET /static/landing_img2.jpg HTTP/1.1" 200 103797
INFO 2025-07-22 14:16:52,634 django.server "GET /static/people/lucas.png HTTP/1.1" 200 4337
INFO 2025-07-22 14:16:52,634 django.server "GET /static/people/kat.png HTTP/1.1" 200 4843
INFO 2025-07-22 14:16:52,839 django.server "GET /static/people/anish.png HTTP/1.1" 200 6868
INFO 2025-07-22 14:16:52,847 django.server "GET /static/people/casey.png HTTP/1.1" 200 8319
WARNING 2025-07-22 14:17:14,432 django.request Not Found: /.well-known/appspecific/com.chrome.devtools.json
WARNING 2025-07-22 14:17:14,433 django.server "GET /.well-known/appspecific/com.chrome.devtools.json HTTP/1.1" 404 7499
INFO 2025-07-22 14:18:11,909 django.server "GET /aboutus/ HTTP/1.1" 200 14042
INFO 2025-07-22 14:18:11,945 django.server "GET /static/css/mainPage.css HTTP/1.1" 200 3792
INFO 2025-07-22 14:18:11,945 django.server "GET /static/css/aboutus.css HTTP/1.1" 200 2788
INFO 2025-07-22 14:18:11,945 django.server "GET /static/css/divider_mission.css HTTP/1.1" 200 975
INFO 2025-07-22 14:18:11,946 django.server "GET /static/logo/logo_writting.png HTTP/1.1" 200 13510
INFO 2025-07-22 14:18:11,947 django.server "GET /static/services.png HTTP/1.1" 200 28124
INFO 2025-07-22 14:18:11,947 django.server "GET /static/welcome.png HTTP/1.1" 200 45260
INFO 2025-07-22 14:18:11,950 django.server "GET /static/js/swiper_cust.js HTTP/1.1" 200 533
INFO 2025-07-22 14:18:11,950 django.server "GET /static/nextstep.png HTTP/1.1" 200 45531
INFO 2025-07-22 14:18:11,952 django.server "GET /static/js/message_fade.js HTTP/1.1" 200 415
WARNING 2025-07-22 14:18:11,971 django.request Not Found: /.well-known/appspecific/com.chrome.devtools.json
WARNING 2025-07-22 14:18:11,972 django.server "GET /.well-known/appspecific/com.chrome.devtools.json HTTP/1.1" 404 7499
WARNING 2025-07-22 14:18:11,990 django.request Not Found: /.well-known/appspecific/com.chrome.devtools.json
WARNING 2025-07-22 14:18:11,991 django.server "GET /.well-known/appspecific/com.chrome.devtools.json HTTP/1.1" 404 7499
INFO 2025-07-22 14:18:12,235 django.server "GET /static/logo/lndvrlogo.png HTTP/1.1" 200 23379
INFO 2025-07-22 14:37:50,201 django.server "GET /login/ HTTP/1.1" 200 11518
WARNING 2025-07-22 14:37:50,235 django.request Not Found: /.well-known/appspecific/com.chrome.devtools.json
WARNING 2025-07-22 14:37:50,236 django.server "GET /.well-known/appspecific/com.chrome.devtools.json HTTP/1.1" 404 7499
INFO 2025-07-22 14:37:50,238 django.server "GET /static/CSS/mainPage.css HTTP/1.1" 200 3792
INFO 2025-07-22 14:37:50,245 django.server "GET /static/CSS/signUp.css HTTP/1.1" 200 431
INFO 2025-07-22 14:37:50,245 django.server "GET /static/js/message_fade.js HTTP/1.1" 200 415
INFO 2025-07-22 14:37:50,246 django.server "GET /static/logo/logo_writting.png HTTP/1.1" 200 13510
INFO 2025-07-22 14:38:05,533 django_actions Method: POST | Action: login attempt | IP: 127.0.0.1 | User: chandan@lendeavorusa.com
INFO 2025-07-22 14:38:05,886 django.server "POST /login/ HTTP/1.1" 302 0
INFO 2025-07-22 14:38:05,894 django.server "GET / HTTP/1.1" 200 20222
WARNING 2025-07-22 14:38:05,928 django.request Not Found: /.well-known/appspecific/com.chrome.devtools.json
WARNING 2025-07-22 14:38:05,932 django.server "GET /.well-known/appspecific/com.chrome.devtools.json HTTP/1.1" 404 7499
INFO 2025-07-22 14:38:05,935 django.server "GET /static/css/cust_feedback.css HTTP/1.1" 200 877
INFO 2025-07-22 14:38:05,936 django.server "GET /static/css/mainPage.css HTTP/1.1" 200 3792
INFO 2025-07-22 14:38:05,936 django.server "GET /static/logo/logo_writting.png HTTP/1.1" 200 13510
INFO 2025-07-22 14:38:05,936 django.server "GET /static/css/divider_mission.css HTTP/1.1" 200 975
INFO 2025-07-22 14:38:05,937 django.server "GET /static/people/lucas.png HTTP/1.1" 200 4337
INFO 2025-07-22 14:38:05,939 django.server "GET /static/people/kat.png HTTP/1.1" 200 4843
INFO 2025-07-22 14:38:05,940 django.server "GET /static/landing_img2.jpg HTTP/1.1" 200 103797
INFO 2025-07-22 14:38:05,944 django.server "GET /static/js/message_fade.js HTTP/1.1" 200 415
INFO 2025-07-22 14:38:05,945 django.server "GET /static/js/swiper_cust.js HTTP/1.1" 200 533
INFO 2025-07-22 14:38:05,945 django.server "GET /static/people/anish.png HTTP/1.1" 200 6868
INFO 2025-07-22 14:38:05,950 django.server "GET /static/people/casey.png HTTP/1.1" 200 8319
INFO 2025-07-22 15:06:27,779 django.server code 400, message Bad request version ('/\x8a')
ERROR 2025-07-22 15:06:27,780 django.server You're accessing the development server over HTTPS, but it only supports HTTP.
INFO 2025-07-22 15:06:27,780 django.server code 400, message Bad HTTP/0.9 request type ('\x16\x03\x01\x06\x01\x00\x06\x03\x03}q\x0fi\x18B]\x14\x87\x8c^\x9d]v\x9a\x01+3')
ERROR 2025-07-22 15:06:27,781 django.server You're accessing the development server over HTTPS, but it only supports HTTP.
INFO 2025-07-22 15:06:27,782 django.server code 400, message Bad request version ('\x9a\x9a\x13\x01\x13\x02\x13\x03+/,0\x13\x14\x00\x9c\x00\x9d\x00/\x005\x01\x00\x06\x93\x8a\x8a\x00\x00\x00')
ERROR 2025-07-22 15:06:27,783 django.server You're accessing the development server over HTTPS, but it only supports HTTP.
INFO 2025-07-22 15:06:27,783 django.server code 400, message Bad request version ('iQ{?\x93R\x17\x1a_o')
ERROR 2025-07-22 15:06:27,784 django.server You're accessing the development server over HTTPS, but it only supports HTTP.
WARNING 2025-07-22 15:06:37,517 django.request Not Found: /.well-known/appspecific/com.chrome.devtools.json
WARNING 2025-07-22 15:06:37,517 django.server "GET /.well-known/appspecific/com.chrome.devtools.json HTTP/1.1" 404 7499
WARNING 2025-07-22 15:06:37,559 django.request Not Found: /.well-known/appspecific/com.chrome.devtools.json
WARNING 2025-07-22 15:06:37,560 django.server "GET /.well-known/appspecific/com.chrome.devtools.json HTTP/1.1" 404 7499
INFO 2025-07-22 16:56:48,746 django.server "GET / HTTP/1.1" 200 20301
INFO 2025-07-23 09:25:35,453 django.utils.autoreload Watching for file changes with StatReloader
INFO 2025-07-23 09:25:37,870 django.server "GET / HTTP/1.1" 200 20301
INFO 2025-07-23 09:25:37,898 django.server "GET /static/css/divider_mission.css HTTP/1.1" 304 0
INFO 2025-07-23 09:25:37,898 django.server "GET /static/css/mainPage.css HTTP/1.1" 304 0
INFO 2025-07-23 09:25:37,904 django.server "GET /static/landing_img2.jpg HTTP/1.1" 304 0
INFO 2025-07-23 09:25:37,904 django.server "GET /static/css/cust_feedback.css HTTP/1.1" 304 0
INFO 2025-07-23 09:25:37,904 django.server "GET /static/logo/logo_writting.png HTTP/1.1" 304 0
INFO 2025-07-23 09:25:37,904 django.server "GET /static/people/lucas.png HTTP/1.1" 304 0
INFO 2025-07-23 09:25:37,912 django.server "GET /static/people/anish.png HTTP/1.1" 304 0
INFO 2025-07-23 09:25:37,912 django.server "GET /static/people/kat.png HTTP/1.1" 304 0
INFO 2025-07-23 09:25:37,914 django.server "GET /static/js/message_fade.js HTTP/1.1" 304 0
INFO 2025-07-23 09:25:37,914 django.server "GET /static/people/casey.png HTTP/1.1" 304 0
INFO 2025-07-23 09:25:37,914 django.server "GET /static/js/swiper_cust.js HTTP/1.1" 304 0
INFO 2025-07-23 09:25:54,510 django.server "GET /signup/ HTTP/1.1" 200 12977
INFO 2025-07-23 09:25:54,526 django.server "GET /static/CSS/mainPage.css HTTP/1.1" 304 0
INFO 2025-07-23 09:25:54,529 django.server "GET /static/CSS/signUp.css HTTP/1.1" 304 0
INFO 2025-07-23 09:26:03,795 django.server "GET /login/ HTTP/1.1" 200 11518
INFO 2025-07-23 09:26:11,552 django_actions Method: POST | Action: login attempt | IP: 127.0.0.1 | User: chandan@lendeavorusa.com
INFO 2025-07-23 09:26:11,917 django.server "POST /login/ HTTP/1.1" 302 0
INFO 2025-07-23 09:26:11,935 django.server "GET / HTTP/1.1" 200 20222
INFO 2025-07-23 09:26:23,227 django.server "GET /lenders/marketplace/ HTTP/1.1" 200 16725
INFO 2025-07-23 09:26:23,245 django.server "GET /static/css/lenders_marketplace.css HTTP/1.1" 304 0
INFO 2025-07-23 09:26:27,139 django.server "GET /lenders/marketplace/ HTTP/1.1" 200 16725
INFO 2025-07-23 09:26:27,361 django.server "GET /static/logo/lndvrlogo.png HTTP/1.1" 304 0
INFO 2025-07-23 09:49:03,892 django.utils.autoreload Watching for file changes with StatReloader
INFO 2025-07-23 09:49:07,423 django.server "GET /lenders/marketplace/ HTTP/1.1" 200 16725
INFO 2025-07-23 09:53:55,630 django.utils.autoreload C:\lndvr_test\Lendeavor\lndvr_site\myapp\custom_middleware\log_ip.py changed, reloading.
INFO 2025-07-23 09:53:56,038 django.utils.autoreload Watching for file changes with StatReloader
INFO 2025-07-23 09:54:00,608 django.utils.autoreload C:\lndvr_test\Lendeavor\lndvr_site\myapp\custom_middleware\log_ip.py changed, reloading.
INFO 2025-07-23 09:54:01,002 django.utils.autoreload Watching for file changes with StatReloader
INFO 2025-07-23 09:55:06,720 django.utils.autoreload C:\lndvr_test\Lendeavor\lndvr_site\myapp\custom_middleware\log_ip.py changed, reloading.
INFO 2025-07-23 09:55:07,282 django.utils.autoreload Watching for file changes with StatReloader
INFO 2025-07-23 09:55:09,951 django.utils.autoreload C:\lndvr_test\Lendeavor\lndvr_site\myapp\custom_middleware\log_ip.py changed, reloading.
INFO 2025-07-23 09:55:10,520 django.utils.autoreload Watching for file changes with StatReloader
INFO 2025-07-23 09:55:16,269 django.utils.autoreload C:\lndvr_test\Lendeavor\lndvr_site\myapp\custom_middleware\log_ip.py changed, reloading.
INFO 2025-07-23 09:55:16,845 django.utils.autoreload Watching for file changes with StatReloader
INFO 2025-07-23 09:55:54,139 django.utils.autoreload C:\lndvr_test\Lendeavor\lndvr_site\myapp\custom_middleware\log_ip.py changed, reloading.
INFO 2025-07-23 09:55:54,767 django.utils.autoreload Watching for file changes with StatReloader
INFO 2025-07-23 09:55:59,443 django.utils.autoreload C:\lndvr_test\Lendeavor\lndvr_site\myapp\custom_middleware\log_ip.py changed, reloading.
INFO 2025-07-23 09:56:00,062 django.utils.autoreload Watching for file changes with StatReloader
INFO 2025-07-23 09:56:06,685 django.utils.autoreload C:\lndvr_test\Lendeavor\lndvr_site\myapp\custom_middleware\log_ip.py changed, reloading.
INFO 2025-07-23 09:56:07,240 django.utils.autoreload Watching for file changes with StatReloader
INFO 2025-07-23 09:56:13,271 django.server "GET /caseStudy/ HTTP/1.1" 200 16063
INFO 2025-07-23 09:56:13,342 django.server "GET /static/case_study2.webp HTTP/1.1" 200 75122
INFO 2025-07-23 09:56:13,343 django.server "GET /static/css/case_study.css HTTP/1.1" 200 1911
INFO 2025-07-23 09:56:13,343 django.server "GET /static/case_study1.webp HTTP/1.1" 200 47706
INFO 2025-07-23 09:56:28,610 django.server "GET /affiliate/ HTTP/1.1" 200 18806
INFO 2025-07-23 09:56:28,632 django.server "GET /static/landing_img4.png HTTP/1.1" 200 290561
INFO 2025-07-23 09:56:28,642 django.server "GET /static/css/affiliate.css HTTP/1.1" 200 2807
INFO 2025-07-23 09:57:01,045 django.utils.autoreload C:\lndvr_test\Lendeavor\lndvr_site\myapp\custom_middleware\log_ip.py changed, reloading.
INFO 2025-07-23 09:57:01,686 django.utils.autoreload Watching for file changes with StatReloader
INFO 2025-07-23 09:59:32,277 django.utils.autoreload C:\lndvr_test\Lendeavor\lndvr_site\lndvr_site\settings.py changed, reloading.
INFO 2025-08-05 16:13:22,743 django.utils.autoreload Watching for file changes with StatReloader
INFO 2025-08-05 16:13:33,460 django_actions Method: GET | Action: logout attempt | IP: 127.0.0.1 | User: chandan@lendeavorusa.com
INFO 2025-08-05 16:13:33,472 django.server "GET /logout/ HTTP/1.1" 302 0
INFO 2025-08-05 16:13:33,484 django.server "GET /?message=You%20have%20successfully%20logged%20out. HTTP/1.1" 200 21066
INFO 2025-08-05 16:13:37,940 django.server "GET /finance/news/ HTTP/1.1" 200 14027
INFO 2025-08-05 16:14:59,498 django.server "GET /aboutus/ HTTP/1.1" 200 14807
INFO 2025-08-05 16:15:03,770 django.server "GET / HTTP/1.1" 200 21066
INFO 2025-08-05 16:15:19,144 django.server "GET /login/ HTTP/1.1" 200 11518
INFO 2025-08-05 16:15:26,613 django_actions Method: POST | Action: login attempt | IP: 127.0.0.1 | User: chandan@lendeavorusa.com
INFO 2025-08-05 16:15:27,423 django.server "POST /login/ HTTP/1.1" 302 0
INFO 2025-08-05 16:15:27,436 django.server "GET / HTTP/1.1" 200 20987
INFO 2025-08-05 16:15:34,854 django.server "GET / HTTP/1.1" 200 21066
INFO 2025-08-05 16:23:21,591 django.server "GET /aboutus/ HTTP/1.1" 200 14807
INFO 2025-08-05 16:23:21,605 django.server "GET /static/services.png HTTP/1.1" 304 0
INFO 2025-08-05 16:23:21,605 django.server "GET /static/css/aboutus.css HTTP/1.1" 304 0
INFO 2025-08-05 16:23:21,605 django.server "GET /static/welcome.png HTTP/1.1" 304 0
INFO 2025-08-05 16:23:21,612 django.server "GET /static/nextstep.png HTTP/1.1" 304 0
INFO 2025-08-05 16:23:23,802 django.server "GET /products/ HTTP/1.1" 200 25875
INFO 2025-08-05 16:23:23,814 django.server "GET /static/css/products.css HTTP/1.1" 304 0
INFO 2025-08-05 16:23:25,906 django.server "GET /careers/ HTTP/1.1" 200 22363
INFO 2025-08-05 16:23:25,924 django.server "GET /static/js/select_bulk_delete_jobs.js HTTP/1.1" 304 0
INFO 2025-08-05 16:23:25,924 django.server "GET /static/css/careers.css HTTP/1.1" 304 0
INFO 2025-08-05 16:23:28,720 django.server "GET /careers/ HTTP/1.1" 200 22363
INFO 2025-08-05 16:23:30,689 django.server "GET /products/ HTTP/1.1" 200 25875
INFO 2025-08-05 16:23:31,859 django.server "GET /careers/ HTTP/1.1" 200 22363
INFO 2025-08-05 16:23:33,285 django.server "GET /contact/ HTTP/1.1" 200 14560
INFO 2025-08-05 16:23:33,296 django.server "GET /static/css/contact.css HTTP/1.1" 304 0
INFO 2025-08-05 16:23:36,273 django.server "GET /caseStudy/ HTTP/1.1" 200 16927
INFO 2025-08-05 16:23:36,396 django.server "GET /static/case_study2.webp HTTP/1.1" 200 75122
INFO 2025-08-05 16:23:36,399 django.server "GET /static/case_study1.webp HTTP/1.1" 200 47706
INFO 2025-08-05 16:23:36,403 django.server "GET /static/css/case_study.css HTTP/1.1" 200 1911
INFO 2025-08-05 16:23:38,788 django.server "GET /affiliate/ HTTP/1.1" 200 19650
INFO 2025-08-05 16:23:38,807 django.server "GET /static/landing_img4.png HTTP/1.1" 200 290561
INFO 2025-08-05 16:23:38,821 django.server "GET /static/css/affiliate.css HTTP/1.1" 200 3164
INFO 2025-08-05 16:23:41,160 django.server "GET /lenders/marketplace/ HTTP/1.1" 200 51864
INFO 2025-08-05 16:23:41,190 django.server "GET /static/lenders_logo/channel.png HTTP/1.1" 304 0
INFO 2025-08-05 16:23:41,191 django.server "GET /static/lenders_logo/mulligan.png HTTP/1.1" 304 0
INFO 2025-08-05 16:23:41,191 django.server "GET /static/lenders_logo/libertas.png HTTP/1.1" 304 0
INFO 2025-08-05 16:23:41,195 django.server "GET /static/css/rotational_lenders.css HTTP/1.1" 200 3870
INFO 2025-08-05 16:23:41,197 django.server "GET /static/css/lenders_marketplace.css HTTP/1.1" 200 6849
INFO 2025-08-05 16:23:41,199 django.server "GET /static/lenders_logo/finpart.png HTTP/1.1" 304 0
INFO 2025-08-05 16:23:41,199 django.server "GET /static/lenders_logo/peac.png HTTP/1.1" 304 0
INFO 2025-08-05 16:23:41,199 django.server "GET /static/lenders_logo/headway.png HTTP/1.1" 304 0
INFO 2025-08-05 16:23:41,201 django.server "GET /static/lenders_logo/idea.png HTTP/1.1" 304 0
INFO 2025-08-05 16:23:41,202 django.server "GET /static/lenders_logo/ondeck.png HTTP/1.1" 304 0
INFO 2025-08-05 16:23:41,206 django.server "GET /static/lenders_logo/iou.png HTTP/1.1" 304 0
INFO 2025-08-05 16:23:41,206 django.server "GET /static/lenders_logo/kalamata.png HTTP/1.1" 304 0
INFO 2025-08-05 16:23:41,206 django.server "GET /static/lenders_logo/pirs.png HTTP/1.1" 304 0
INFO 2025-08-05 16:23:41,210 django.server "GET /static/lenders_logo/northeastern.png HTTP/1.1" 304 0
INFO 2025-08-05 16:23:41,211 django.server "GET /static/lenders_logo/wallstreet.png HTTP/1.1" 304 0
INFO 2025-08-05 16:23:41,214 django.server "GET /static/lenders_logo/tabbank.png HTTP/1.1" 304 0
INFO 2025-08-05 16:23:41,215 django.server "GET /static/js/rotational_lenders.js HTTP/1.1" 200 7315
INFO 2025-08-05 16:23:45,058 django.server "GET /lenders/marketplace/ HTTP/1.1" 200 51864
INFO 2025-08-05 16:23:49,766 django.server "GET /steps/ HTTP/1.1" 200 13540
INFO 2025-08-05 16:23:49,791 django.server "GET /static/compare_optn.jpg HTTP/1.1" 200 75211
INFO 2025-08-05 16:23:49,799 django.server "GET /static/money.jpg HTTP/1.1" 200 222036
INFO 2025-08-05 16:23:49,811 django.server "GET /static/vision.jpeg HTTP/1.1" 200 2092633
INFO 2025-08-05 16:23:52,681 django.server "GET /faq/ HTTP/1.1" 200 21484
INFO 2025-08-05 16:23:52,713 django.server "GET /static/css/faq.css HTTP/1.1" 200 3371
INFO 2025-08-05 16:23:52,720 django.server "GET /static/js/faq_search.js HTTP/1.1" 200 1308
INFO 2025-08-05 16:23:59,242 django.server "GET /finance/news/ HTTP/1.1" 200 16362
INFO 2025-08-05 16:24:01,136 django.server "GET /caseStudy/ HTTP/1.1" 200 16848
INFO 2025-08-05 16:24:01,169 django.server "GET /static/css/case_study.css HTTP/1.1" 304 0
INFO 2025-08-05 16:24:01,171 django.server "GET /static/case_study1.webp HTTP/1.1" 304 0
INFO 2025-08-05 16:24:01,171 django.server "GET /static/case_study2.webp HTTP/1.1" 304 0
INFO 2025-08-05 16:24:02,895 django.server "GET /affiliate/ HTTP/1.1" 200 19571
INFO 2025-08-05 16:24:02,927 django.server "GET /static/landing_img4.png HTTP/1.1" 304 0
INFO 2025-08-05 16:24:02,927 django.server "GET /static/css/affiliate.css HTTP/1.1" 304 0
INFO 2025-08-05 16:24:05,435 django.server "GET /lenders/marketplace/ HTTP/1.1" 200 51785
INFO 2025-08-05 16:24:05,469 django.server "GET /static/css/lenders_marketplace.css HTTP/1.1" 304 0
INFO 2025-08-05 16:24:05,470 django.server "GET /static/css/rotational_lenders.css HTTP/1.1" 304 0
INFO 2025-08-05 16:24:05,470 django.server "GET /static/js/rotational_lenders.js HTTP/1.1" 304 0
INFO 2025-08-05 16:24:05,472 django.server "GET /static/lenders_logo/channel.png HTTP/1.1" 304 0
INFO 2025-08-05 16:24:05,474 django.server "GET /static/lenders_logo/libertas.png HTTP/1.1" 304 0
INFO 2025-08-05 16:24:05,476 django.server "GET /static/lenders_logo/mulligan.png HTTP/1.1" 304 0
INFO 2025-08-05 16:24:05,482 django.server "GET /static/lenders_logo/finpart.png HTTP/1.1" 304 0
INFO 2025-08-05 16:24:05,482 django.server "GET /static/lenders_logo/peac.png HTTP/1.1" 304 0
INFO 2025-08-05 16:24:05,483 django.server "GET /static/lenders_logo/headway.png HTTP/1.1" 304 0
INFO 2025-08-05 16:24:05,485 django.server "GET /static/lenders_logo/iou.png HTTP/1.1" 304 0
INFO 2025-08-05 16:24:05,485 django.server "GET /static/lenders_logo/ondeck.png HTTP/1.1" 304 0
INFO 2025-08-05 16:24:05,486 django.server "GET /static/lenders_logo/idea.png HTTP/1.1" 304 0
INFO 2025-08-05 16:24:05,490 django.server "GET /static/lenders_logo/wallstreet.png HTTP/1.1" 304 0
INFO 2025-08-05 16:24:05,490 django.server "GET /static/lenders_logo/kalamata.png HTTP/1.1" 304 0
INFO 2025-08-05 16:24:05,491 django.server "GET /static/lenders_logo/pirs.png HTTP/1.1" 304 0
INFO 2025-08-05 16:24:05,491 django.server "GET /static/lenders_logo/northeastern.png HTTP/1.1" 304 0
INFO 2025-08-05 16:24:05,492 django.server "GET /static/lenders_logo/tabbank.png HTTP/1.1" 304 0
INFO 2025-08-05 16:24:08,573 django.server "GET /lenders/marketplace/ HTTP/1.1" 200 51785
INFO 2025-08-05 16:24:12,038 django.server "GET /steps/ HTTP/1.1" 200 13461
INFO 2025-08-05 16:24:12,085 django.server "GET /static/compare_optn.jpg HTTP/1.1" 304 0
INFO 2025-08-05 16:24:12,086 django.server "GET /static/vision.jpeg HTTP/1.1" 304 0
INFO 2025-08-05 16:24:12,087 django.server "GET /static/money.jpg HTTP/1.1" 304 0
INFO 2025-08-05 16:24:14,494 django.server "GET /faq/ HTTP/1.1" 200 21405
INFO 2025-08-05 16:24:14,527 django.server "GET /static/css/faq.css HTTP/1.1" 304 0
INFO 2025-08-05 16:24:14,527 django.server "GET /static/js/faq_search.js HTTP/1.1" 304 0
INFO 2025-08-05 16:24:20,494 django.server "GET /finance/news/ HTTP/1.1" 200 16362
INFO 2025-08-05 16:24:22,188 django.server "GET /affiliate/ HTTP/1.1" 200 19571
INFO 2025-08-05 16:24:24,204 django.server "GET /caseStudy/ HTTP/1.1" 200 16848
INFO 2025-08-05 16:24:26,494 django.server "GET /lenders/marketplace/ HTTP/1.1" 200 51785
INFO 2025-08-05 16:24:40,424 django.server "GET / HTTP/1.1" 200 21066
INFO 2025-08-05 16:24:46,505 django.server "GET / HTTP/1.1" 200 20987
INFO 2025-08-05 16:27:53,465 django.server "GET / HTTP/1.1" 200 20987
INFO 2025-08-05 16:27:55,099 django.server "GET / HTTP/1.1" 200 21066
INFO 2025-08-05 16:27:57,590 django.server "GET / HTTP/1.1" 200 20987
INFO 2025-08-05 16:28:05,246 django.server "GET / HTTP/1.1" 200 20987
INFO 2025-08-05 16:28:11,893 django_actions Method: GET | Action: logout attempt | IP: 127.0.0.1 | User: chandan@lendeavorusa.com
INFO 2025-08-05 16:28:11,904 django.server "GET /logout/ HTTP/1.1" 302 0
INFO 2025-08-05 16:28:11,913 django.server "GET /?message=You%20have%20successfully%20logged%20out. HTTP/1.1" 200 21066
INFO 2025-08-05 16:28:24,868 django.utils.autoreload Watching for file changes with StatReloader
INFO 2025-08-05 16:28:26,860 django.server "GET / HTTP/1.1" 200 21066
INFO 2025-08-05 16:28:39,925 django.server "GET / HTTP/1.1" 200 21066
INFO 2025-08-05 16:28:42,683 django.server "GET / HTTP/1.1" 200 21066
INFO 2025-08-05 16:28:45,378 django.server "GET /login/ HTTP/1.1" 200 11518
INFO 2025-08-05 16:28:53,790 django_actions Method: POST | Action: login attempt | IP: 127.0.0.1 | User: chandan@lendeavorusa.com
INFO 2025-08-05 16:28:54,369 django.server "POST /login/ HTTP/1.1" 302 0
INFO 2025-08-05 16:28:54,384 django.server "GET / HTTP/1.1" 200 20987
INFO 2025-08-05 16:34:34,178 django.utils.autoreload C:\lndvr_test\Lendeavor\lndvr_site\myapp\custom_middleware\log_ip.py changed, reloading.
INFO 2025-08-05 16:34:34,573 django.utils.autoreload Watching for file changes with StatReloader
INFO 2025-08-05 16:35:14,812 django.utils.autoreload Watching for file changes with StatReloader
INFO 2025-08-05 16:35:21,427 django.server "GET /aboutus/ HTTP/1.1" 200 14807
INFO 2025-08-05 16:35:22,631 django.server "GET /products/ HTTP/1.1" 200 25875
INFO 2025-08-05 16:36:04,409 django.server "GET /contact/ HTTP/1.1" 200 14560
INFO 2025-08-05 16:36:09,859 django.server "GET /caseStudy/ HTTP/1.1" 200 16927
INFO 2025-08-05 16:36:19,209 django.server "GET /affiliate/ HTTP/1.1" 200 19650
INFO 2025-08-05 16:36:31,171 django.server "GET /finance/news/ HTTP/1.1" 200 16362
INFO 2025-08-05 16:36:31,198 django.server "GET /static/css/mainPage.css HTTP/1.1" 304 0
INFO 2025-08-05 16:36:33,647 django.server "GET /finance/addNews/ HTTP/1.1" 200 14150
INFO 2025-08-05 16:36:55,465 django_actions Method: POST | Action: Add news attempt | IP: 127.0.0.1 | User: chandan@lendeavorusa.com
INFO 2025-08-05 16:36:55,604 django_actions Method: POST | Action: News added successfully | IP: 127.0.0.1 | User: chandan@lendeavorusa.com
INFO 2025-08-05 16:36:55,605 django.server "POST /finance/addNews/ HTTP/1.1" 302 0
INFO 2025-08-05 16:36:55,623 django.server "GET /finance/news/?message=News%20added%20successfully! HTTP/1.1" 200 17083
INFO 2025-08-05 16:39:54,120 django.utils.autoreload C:\lndvr_test\Lendeavor\lndvr_site\myapp\custom_middleware\log_ip.py changed, reloading.
INFO 2025-08-05 16:39:54,512 django.utils.autoreload Watching for file changes with StatReloader
INFO 2025-08-05 16:40:06,941 django.server "GET /finance/news/?message=News%20added%20successfully! HTTP/1.1" 200 17083
INFO 2025-08-05 16:40:09,658 django.server "GET /finance/edit/27/ HTTP/1.1" 200 14938
INFO 2025-08-05 16:40:09,684 django.server "GET /static/CSS/add_news.css HTTP/1.1" 304 0
INFO 2025-08-05 16:40:09,727 django.server "GET /media/newsletter_thumb/Screenshot_2025-06-06_101154_RTwjJmI.png HTTP/1.1" 200 797033
INFO 2025-08-05 16:40:19,789 django_actions Method: POST | Action: News action attempted: update | IP: 127.0.0.1 | User: chandan@lendeavorusa.com
INFO 2025-08-05 16:40:19,800 django_actions Method: POST | Action: News updated successfully | IP: 127.0.0.1 | User: chandan@lendeavorusa.com
INFO 2025-08-05 16:40:19,801 django.server "POST /finance/edit/27/ HTTP/1.1" 302 0
INFO 2025-08-05 16:40:19,813 django.server "GET /finance/news/?message=News%20updated%20successfully. HTTP/1.1" 200 17085
INFO 2025-08-05 16:41:14,207 django_actions Method: POST | Action: Bulk news delete attempt | IP: 127.0.0.1 | User: chandan@lendeavorusa.com
INFO 2025-08-05 16:41:14,215 django.server "POST /finance/bulkDelte/ HTTP/1.1" 302 0
INFO 2025-08-05 16:41:14,229 django.server "GET /finance/news/?message=Selected%20news%20deleted%20successfully. HTTP/1.1" 200 16517
INFO 2025-08-05 16:42:39,837 django.utils.autoreload C:\lndvr_test\Lendeavor\lndvr_site\financial_news_app\views.py changed, reloading.
INFO 2025-08-05 16:42:40,231 django.utils.autoreload Watching for file changes with StatReloader
INFO 2025-08-05 16:43:21,556 django.utils.autoreload C:\lndvr_test\Lendeavor\lndvr_site\financial_news_app\views.py changed, reloading.
INFO 2025-08-05 16:43:21,927 django.utils.autoreload Watching for file changes with StatReloader
INFO 2025-08-05 16:44:05,824 django.server "GET /finance/addNews/ HTTP/1.1" 200 14150
INFO 2025-08-05 16:44:22,199 django_actions Method: POST | Action: Add news attempt | IP: 127.0.0.1 | User: chandan@lendeavorusa.com
INFO 2025-08-05 16:44:22,209 django_actions Method: POST | Action: News added successfully | IP: 127.0.0.1 | User: chandan@lendeavorusa.com
INFO 2025-08-05 16:44:22,210 django.server "POST /finance/addNews/ HTTP/1.1" 302 0
INFO 2025-08-05 16:44:22,232 django.server "GET /finance/news/?message=News%20added%20successfully! HTTP/1.1" 200 17083
